<?xml version="1.0" encoding="UTF-8"?>
<!-- Generated by org.testng.reporters.JUnitReportReporter -->
<testsuite hostname="Mutbahir-QA" failures="0" tests="2" name="tests.MyDemoForGetandPost" time="2.859" errors="0" timestamp="2022-04-25T11:51:21 PKT" skipped="0">
  <testcase classname="tests.MyDemoForGetandPost" name="testPostDemo" time="1.189"/>
  <system-out/>
  <testcase classname="tests.MyDemoForGetandPost" name="testGetDemo" time="1.670"/>
  <system-out/>
</testsuite> <!-- tests.MyDemoForGetandPost -->
