<?xml version="1.0" encoding="UTF-8"?>
<!-- Generated by org.testng.reporters.JUnitReportReporter -->
<testsuite hostname="Mutbahir-QA" failures="0" tests="1" name="tests.TestOne" time="1.924" errors="0" timestamp="2022-04-25T10:54:35 PKT" skipped="0">
  <testcase classname="tests.TestOne" name="test_1" time="1.924"/>
  <system-out/>
</testsuite> <!-- tests.TestOne -->
