<?xml version="1.0" encoding="UTF-8"?>
<!-- Generated by org.testng.reporters.JUnitReportReporter -->
<testsuite hostname="Mutbahir-QA" failures="0" tests="1" name="tests.JSONSchemaValidator" time="2.022" errors="0" timestamp="2022-04-25T14:16:21 PKT" skipped="0">
  <testcase classname="tests.JSONSchemaValidator" name="Get" time="2.022"/>
  <system-out/>
</testsuite> <!-- tests.JSONSchemaValidator -->
