<?xml version="1.0" encoding="UTF-8"?>
<!-- Generated by org.testng.reporters.JUnitReportReporter -->
<testsuite hostname="Mutbahir-QA" failures="0" tests="3" name="tests.PutPatchDeleteExamples" time="4.366" errors="0" timestamp="2022-04-25T11:59:36 PKT" skipped="0">
  <testcase classname="tests.PutPatchDeleteExamples" name="testPut" time="1.093"/>
  <system-out/>
  <testcase classname="tests.PutPatchDeleteExamples" name="testDelete" time="2.126"/>
  <system-out/>
  <testcase classname="tests.PutPatchDeleteExamples" name="testPatch" time="1.147"/>
  <system-out/>
</testsuite> <!-- tests.PutPatchDeleteExamples -->
