<?xml version="1.0" encoding="UTF-8"?>
<!-- Generated by org.testng.reporters.JUnitReportReporter -->
<testsuite hostname="Mutbahir-QA" failures="0" tests="1" name="tests.GETandPOSTRequests" time="2.076" errors="0" timestamp="2022-04-25T11:31:07 PKT" skipped="0">
  <testcase classname="tests.GETandPOSTRequests" name="testPost" time="2.076"/>
  <system-out/>
</testsuite> <!-- tests.GETandPOSTRequests -->
