<?xml version="1.0" encoding="UTF-8"?>
<!-- Generated by org.testng.reporters.JUnitReportReporter -->
<testsuite hostname="Mutbahir-QA" failures="0" tests="1" name="tests.TestOnLocalAPI" time="0.991" errors="0" timestamp="2022-04-25T13:08:47 PKT" skipped="0">
  <testcase classname="tests.TestOnLocalAPI" name="Post" time="0.991"/>
  <system-out/>
</testsuite> <!-- tests.TestOnLocalAPI -->
